<?xml version="1.0" encoding="utf-8"?><testsuites name="pytest tests"><testsuite name="pytest" errors="0" failures="0" skipped="0" tests="2" time="1.304" timestamp="2026-04-14T21:21:41.038496+00:00" hostname="agent-env-9a2de252-4fae-421f-bef1-d207b9955470"><testcase classname="tests.test_real_image_counting.TestRealImageCounting" name="test_count_real_steel_bars_image" time="0.699" /><testcase classname="tests.test_real_image_counting.TestRealImageCounting" name="test_count_with_exclude_area_reduces_count" time="0.587" /></testsuite></testsuites>