<?xml version="1.0" encoding="utf-8"?><testsuites name="pytest tests"><testsuite name="pytest" errors="0" failures="0" skipped="0" tests="4" time="0.845" timestamp="2026-04-14T21:21:52.051942+00:00" hostname="agent-env-9a2de252-4fae-421f-bef1-d207b9955470"><testcase classname="tests.test_api.TestHealthCheck" name="test_health_endpoint" time="0.209" /><testcase classname="tests.test_api.TestCountEndpoint" name="test_count_endpoint_with_valid_image" time="0.143" /><testcase classname="tests.test_api.TestCountEndpoint" name="test_count_endpoint_with_exclude_area" time="0.165" /><testcase classname="tests.test_api.TestCountEndpoint" name="test_count_endpoint_different_categories" time="0.302" /></testsuite></testsuites>