<?xml version="1.0" encoding="utf-8"?><testsuites name="pytest tests"><testsuite name="pytest" errors="0" failures="0" skipped="0" tests="4" time="6.798" timestamp="2026-04-14T20:18:07.544273+00:00" hostname="agent-env-9a2de252-4fae-421f-bef1-d207b9955470"><testcase classname="tests.test_api.TestHealthCheck" name="test_health_endpoint" time="0.205" /><testcase classname="tests.test_api.TestCountEndpoint" name="test_count_endpoint_with_valid_image" time="1.929" /><testcase classname="tests.test_api.TestCountEndpoint" name="test_count_endpoint_with_exclude_area" time="1.100" /><testcase classname="tests.test_api.TestCountEndpoint" name="test_count_endpoint_different_categories" time="3.532" /></testsuite></testsuites>